Arguments: 
  /usr/local/bin/node /usr/local/Cellar/yarn/1.22.10/libexec/bin/yarn.js

PATH: 
  /Users/AlexandreR/workspace/ipo-warning/backend/venv/bin:/usr/local/bin:/usr/bin:/bin:/usr/sbin:/sbin:/usr/local/go/bin:/usr/local/opt/fzf/bin

Yarn version: 
  1.22.10

Node version: 
  16.3.0

Platform: 
  darwin x64

Trace: 
  SyntaxError: /Users/AlexandreR/workspace/ipo-warning/backend/package.json: Unexpected token } in JSON at position 776
      at JSON.parse (<anonymous>)
      at /usr/local/Cellar/yarn/1.22.10/libexec/lib/cli.js:1625:59
      at Generator.next (<anonymous>)
      at step (/usr/local/Cellar/yarn/1.22.10/libexec/lib/cli.js:310:30)
      at /usr/local/Cellar/yarn/1.22.10/libexec/lib/cli.js:321:13

npm manifest: 
  {
    "name": "cdk",
    "version": "0.1.0",
    "bin": {
      "cdk": "cdk/cdk.js"
    },
    "scripts": {
      "build": "tsc",
      "watch": "tsc -w",
      "test": "node --experimental-vm-modules node_modules/jest/bin/jest.js",
      "cdk": "cdk",
      "diff": "cdk diff --profile ipo-warning",
      "synth": "echo '\n️\\0033[43;1m ⚠ Consider running `yarn diff` to check differences ⚠\\0033[0m️\n️' &&  rm -rf cdk.out && cdk synth",
      "deploy": "cdk deploy --profile ipo-warning",
      "fast-deploy": "yarn synth && yarn deploy --require-approval never --all"
    },
    "devDependencies": {
      "@babel/core": "^7.15.8",
      "@babel/preset-env": "^7.15.8",
      "aws-cdk": "^1.128.0",
      "aws-sdk": "^2.1013.0",
      "babel-jest": "^27.3.1",
      "jest": "^27.3.1",
      "ts-mockito": "^2.6.1",
    },
    "dependencies": {
      "@aws-cdk/aws-apigateway": "^1.127.0",
      "@aws-cdk/aws-dynamodb": "^1.127.0",
      "@aws-cdk/aws-events-targets": "^1.127.0",
      "@aws-cdk/aws-lambda": "^1.127.0",
      "@aws-cdk/aws-lambda-nodejs": "^1.127.0",
      "@aws-cdk/aws-lambda-python": "^1.127.0",
      "@aws-cdk/core": "^1.127.0",
      "@aws-sdk/client-dynamodb": "^3.38.0",
      "@aws-sdk/client-lambda": "^3.38.0",
      "@aws-sdk/client-sesv2": "^3.38.0",
      "source-map-support": "^0.5.16"
    }
  }

yarn manifest: 
  No manifest

Lockfile: 
  No lockfile
